# JRE version: Java(TM) SE Runtime Environment (8.0_51-b16) (build 1.8.0_51-b16)
# Java VM: Java HotSpot(TM) 64-Bit Server VM (25.51-b03 mixed mode windows-amd64 compressed oops)
Heap:
 PSYoungGen      total 214016K, used 63918K [0x000000076c980000, 0x000000077bb80000, 0x00000007c0000000)
  eden space 207872K, 27% used [0x000000076c980000,0x0000000770216950,0x0000000779480000)
  from space 6144K, 97% used [0x000000077b580000,0x000000077bb55068,0x000000077bb80000)
  to   space 16384K, 0% used [0x0000000779b80000,0x0000000779b80000,0x000000077ab80000)
 ParOldGen       total 169984K, used 21506K [0x00000006c5c00000, 0x00000006d0200000, 0x000000076c980000)
  object space 169984K, 12% used [0x00000006c5c00000,0x00000006c71008b0,0x00000006d0200000)
 Metaspace       used 38839K, capacity 39244K, committed 39424K, reserved 1083392K
  class space    used 5008K, capacity 5104K, committed 5120K, reserved 1048576K
GC Heap History (10 events):
Event: 3.611 GC heap before
{Heap before GC invocations=6 (full 1):
 PSYoungGen      total 104448K, used 104293K [0x000000076c980000, 0x0000000775680000, 0x00000007c0000000)
  eden space 99840K, 100% used [0x000000076c980000,0x0000000772b00000,0x0000000772b00000)
  from space 4608K, 96% used [0x0000000775200000,0x00000007756597c0,0x0000000775680000)
  to   space 10752K, 0% used [0x0000000774180000,0x0000000774180000,0x0000000774c00000)
 ParOldGen       total 105472K, used 11446K [0x00000006c5c00000, 0x00000006cc300000, 0x000000076c980000)
  object space 105472K, 10% used [0x00000006c5c00000,0x00000006c672d848,0x00000006cc300000)
 Metaspace       used 27418K, capacity 27794K, committed 27904K, reserved 1073152K
  class space    used 3427K, capacity 3521K, committed 3584K, reserved 1048576K
Event: 3.618 GC heap after
Heap after GC invocations=6 (full 1):
 PSYoungGen      total 133632K, used 7034K [0x000000076c980000, 0x0000000777a00000, 0x00000007c0000000)
  eden space 122880K, 0% used [0x000000076c980000,0x000000076c980000,0x0000000774180000)
  from space 10752K, 65% used [0x0000000774180000,0x000000077485ea70,0x0000000774c00000)
  to   space 14848K, 0% used [0x0000000776b80000,0x0000000776b80000,0x0000000777a00000)
 ParOldGen       total 105472K, used 11454K [0x00000006c5c00000, 0x00000006cc300000, 0x000000076c980000)
  object space 105472K, 10% used [0x00000006c5c00000,0x00000006c672f848,0x00000006cc300000)
 Metaspace       used 27418K, capacity 27794K, committed 27904K, reserved 1073152K
  class space    used 3427K, capacity 3521K, committed 3584K, reserved 1048576K
}
Event: 4.611 GC heap before
{Heap before GC invocations=7 (full 1):
 PSYoungGen      total 133632K, used 129914K [0x000000076c980000, 0x0000000777a00000, 0x00000007c0000000)
  eden space 122880K, 100% used [0x000000076c980000,0x0000000774180000,0x0000000774180000)
  from space 10752K, 65% used [0x0000000774180000,0x000000077485ea70,0x0000000774c00000)
  to   space 14848K, 0% used [0x0000000776b80000,0x0000000776b80000,0x0000000777a00000)
 ParOldGen       total 105472K, used 11454K [0x00000006c5c00000, 0x00000006cc300000, 0x000000076c980000)
  object space 105472K, 10% used [0x00000006c5c00000,0x00000006c672f848,0x00000006cc300000)
 Metaspace       used 33047K, capacity 33456K, committed 33792K, reserved 1079296K
  class space    used 4188K, capacity 4294K, committed 4352K, reserved 1048576K
Event: 4.621 GC heap after
Heap after GC invocations=7 (full 1):
 PSYoungGen      total 165376K, used 10805K [0x000000076c980000, 0x0000000779a80000, 0x00000007c0000000)
  eden space 150528K, 0% used [0x000000076c980000,0x000000076c980000,0x0000000775c80000)
  from space 14848K, 72% used [0x0000000776b80000,0x000000077760d658,0x0000000777a00000)
  to   space 15360K, 0% used [0x0000000775c80000,0x0000000775c80000,0x0000000776b80000)
 ParOldGen       total 105472K, used 11462K [0x00000006c5c00000, 0x00000006cc300000, 0x000000076c980000)
  object space 105472K, 10% used [0x00000006c5c00000,0x00000006c6731848,0x00000006cc300000)
 Metaspace       used 33047K, capacity 33456K, committed 33792K, reserved 1079296K
  class space    used 4188K, capacity 4294K, committed 4352K, reserved 1048576K
}
Event: 5.305 GC heap before
{Heap before GC invocations=8 (full 1):
 PSYoungGen      total 165376K, used 130431K [0x000000076c980000, 0x0000000779a80000, 0x00000007c0000000)
  eden space 150528K, 79% used [0x000000076c980000,0x0000000773e52818,0x0000000775c80000)
  from space 14848K, 72% used [0x0000000776b80000,0x000000077760d658,0x0000000777a00000)
  to   space 15360K, 0% used [0x0000000775c80000,0x0000000775c80000,0x0000000776b80000)
 ParOldGen       total 105472K, used 11462K [0x00000006c5c00000, 0x00000006cc300000, 0x000000076c980000)
  object space 105472K, 10% used [0x00000006c5c00000,0x00000006c6731848,0x00000006cc300000)
 Metaspace       used 34884K, capacity 35240K, committed 35496K, reserved 1081344K
  class space    used 4428K, capacity 4522K, committed 4608K, reserved 1048576K
Event: 5.315 GC heap after
Heap after GC invocations=8 (full 1):
 PSYoungGen      total 165888K, used 12613K [0x000000076c980000, 0x000000077c580000, 0x00000007c0000000)
  eden space 150528K, 0% used [0x000000076c980000,0x000000076c980000,0x0000000775c80000)
  from space 15360K, 82% used [0x0000000775c80000,0x00000007768d15c8,0x0000000776b80000)
  to   space 16384K, 0% used [0x000000077b580000,0x000000077b580000,0x000000077c580000)
 ParOldGen       total 105472K, used 11470K [0x00000006c5c00000, 0x00000006cc300000, 0x000000076c980000)
  object space 105472K, 10% used [0x00000006c5c00000,0x00000006c6733848,0x00000006cc300000)
 Metaspace       used 34884K, capacity 35240K, committed 35496K, reserved 1081344K
  class space    used 4428K, capacity 4522K, committed 4608K, reserved 1048576K
}
Event: 5.315 GC heap before
{Heap before GC invocations=9 (full 2):
 PSYoungGen      total 165888K, used 12613K [0x000000076c980000, 0x000000077c580000, 0x00000007c0000000)
  eden space 150528K, 0% used [0x000000076c980000,0x000000076c980000,0x0000000775c80000)
  from space 15360K, 82% used [0x0000000775c80000,0x00000007768d15c8,0x0000000776b80000)
  to   space 16384K, 0% used [0x000000077b580000,0x000000077b580000,0x000000077c580000)
 ParOldGen       total 105472K, used 11470K [0x00000006c5c00000, 0x00000006cc300000, 0x000000076c980000)
  object space 105472K, 10% used [0x00000006c5c00000,0x00000006c6733848,0x00000006cc300000)
 Metaspace       used 34884K, capacity 35240K, committed 35496K, reserved 1081344K
  class space    used 4428K, capacity 4522K, committed 4608K, reserved 1048576K
Event: 5.394 GC heap after
Heap after GC invocations=9 (full 2):
 PSYoungGen      total 165888K, used 0K [0x000000076c980000, 0x000000077c580000, 0x00000007c0000000)
  eden space 150528K, 0% used [0x000000076c980000,0x000000076c980000,0x0000000775c80000)
  from space 15360K, 0% used [0x0000000775c80000,0x0000000775c80000,0x0000000776b80000)
  to   space 16384K, 0% used [0x000000077b580000,0x000000077b580000,0x000000077c580000)
 ParOldGen       total 169984K, used 21498K [0x00000006c5c00000, 0x00000006d0200000, 0x000000076c980000)
  object space 169984K, 12% used [0x00000006c5c00000,0x00000006c70fe8b0,0x00000006d0200000)
 Metaspace       used 34884K, capacity 35240K, committed 35496K, reserved 1081344K
  class space    used 4428K, capacity 4522K, committed 4608K, reserved 1048576K
}
Event: 6.231 GC heap before
{Heap before GC invocations=10 (full 2):
 PSYoungGen      total 165888K, used 150528K [0x000000076c980000, 0x000000077c580000, 0x00000007c0000000)
  eden space 150528K, 100% used [0x000000076c980000,0x0000000775c80000,0x0000000775c80000)
  from space 15360K, 0% used [0x0000000775c80000,0x0000000775c80000,0x0000000776b80000)
  to   space 16384K, 0% used [0x000000077b580000,0x000000077b580000,0x000000077c580000)
 ParOldGen       total 169984K, used 21498K [0x00000006c5c00000, 0x00000006d0200000, 0x000000076c980000)
  object space 169984K, 12% used [0x00000006c5c00000,0x00000006c70fe8b0,0x00000006d0200000)
 Metaspace       used 36442K, capacity 36838K, committed 37288K, reserved 1081344K
  class space    used 4643K, capacity 4751K, committed 4864K, reserved 1048576K
Event: 6.238 GC heap after
Heap after GC invocations=10 (full 2):
 PSYoungGen      total 214016K, used 5972K [0x000000076c980000, 0x000000077bb80000, 0x00000007c0000000)
  eden space 207872K, 0% used [0x000000076c980000,0x000000076c980000,0x0000000779480000)
  from space 6144K, 97% used [0x000000077b580000,0x000000077bb55068,0x000000077bb80000)
  to   space 16384K, 0% used [0x0000000779b80000,0x0000000779b80000,0x000000077ab80000)
 ParOldGen       total 169984K, used 21506K [0x00000006c5c00000, 0x00000006d0200000, 0x000000076c980000)
  object space 169984K, 12% used [0x00000006c5c00000,0x00000006c71008b0,0x00000006d0200000)
 Metaspace       used 36442K, capacity 36838K, committed 37288K, reserved 1081344K
  class space    used 4643K, capacity 4751K, committed 4864K, reserved 1048576K
}

