# JRE version: Java(TM) SE Runtime Environment (8.0_51-b16) (build 1.8.0_51-b16)
# Java VM: Java HotSpot(TM) 64-Bit Server VM (25.51-b03 mixed mode windows-amd64 compressed oops)
Heap:
 PSYoungGen      total 209920K, used 61514K [0x000000076c980000, 0x000000077ba80000, 0x00000007c0000000)
  eden space 203776K, 27% used [0x000000076c980000,0x000000076ffeb328,0x0000000779080000)
  from space 6144K, 94% used [0x000000077b480000,0x000000077ba276d8,0x000000077ba80000)
  to   space 16384K, 0% used [0x0000000779a80000,0x0000000779a80000,0x000000077aa80000)
 ParOldGen       total 173056K, used 21661K [0x00000006c5c00000, 0x00000006d0500000, 0x000000076c980000)
  object space 173056K, 12% used [0x00000006c5c00000,0x00000006c7127770,0x00000006d0500000)
 Metaspace       used 38798K, capacity 39176K, committed 39424K, reserved 1083392K
  class space    used 5005K, capacity 5104K, committed 5120K, reserved 1048576K
GC Heap History (10 events):
Event: 3.517 GC heap before
{Heap before GC invocations=6 (full 1):
 PSYoungGen      total 103936K, used 103748K [0x000000076c980000, 0x0000000775680000, 0x00000007c0000000)
  eden space 99328K, 100% used [0x000000076c980000,0x0000000772a80000,0x0000000772a80000)
  from space 4608K, 95% used [0x0000000775200000,0x0000000775651390,0x0000000775680000)
  to   space 10752K, 0% used [0x0000000774180000,0x0000000774180000,0x0000000774c00000)
 ParOldGen       total 107008K, used 11518K [0x00000006c5c00000, 0x00000006cc480000, 0x000000076c980000)
  object space 107008K, 10% used [0x00000006c5c00000,0x00000006c673f870,0x00000006cc480000)
 Metaspace       used 27418K, capacity 27790K, committed 27904K, reserved 1073152K
  class space    used 3426K, capacity 3521K, committed 3584K, reserved 1048576K
Event: 3.524 GC heap after
Heap after GC invocations=6 (full 1):
 PSYoungGen      total 133632K, used 6938K [0x000000076c980000, 0x0000000777880000, 0x00000007c0000000)
  eden space 122880K, 0% used [0x000000076c980000,0x000000076c980000,0x0000000774180000)
  from space 10752K, 64% used [0x0000000774180000,0x0000000774846af0,0x0000000774c00000)
  to   space 14848K, 0% used [0x0000000776a00000,0x0000000776a00000,0x0000000777880000)
 ParOldGen       total 107008K, used 11526K [0x00000006c5c00000, 0x00000006cc480000, 0x000000076c980000)
  object space 107008K, 10% used [0x00000006c5c00000,0x00000006c6741870,0x00000006cc480000)
 Metaspace       used 27418K, capacity 27790K, committed 27904K, reserved 1073152K
  class space    used 3426K, capacity 3521K, committed 3584K, reserved 1048576K
}
Event: 4.521 GC heap before
{Heap before GC invocations=7 (full 1):
 PSYoungGen      total 133632K, used 129818K [0x000000076c980000, 0x0000000777880000, 0x00000007c0000000)
  eden space 122880K, 100% used [0x000000076c980000,0x0000000774180000,0x0000000774180000)
  from space 10752K, 64% used [0x0000000774180000,0x0000000774846af0,0x0000000774c00000)
  to   space 14848K, 0% used [0x0000000776a00000,0x0000000776a00000,0x0000000777880000)
 ParOldGen       total 107008K, used 11526K [0x00000006c5c00000, 0x00000006cc480000, 0x000000076c980000)
  object space 107008K, 10% used [0x00000006c5c00000,0x00000006c6741870,0x00000006cc480000)
 Metaspace       used 32994K, capacity 33388K, committed 33536K, reserved 1079296K
  class space    used 4186K, capacity 4294K, committed 4352K, reserved 1048576K
Event: 4.531 GC heap after
Heap after GC invocations=7 (full 1):
 PSYoungGen      total 163840K, used 10545K [0x000000076c980000, 0x0000000779a00000, 0x00000007c0000000)
  eden space 148992K, 0% used [0x000000076c980000,0x000000076c980000,0x0000000775b00000)
  from space 14848K, 71% used [0x0000000776a00000,0x000000077744c710,0x0000000777880000)
  to   space 15360K, 0% used [0x0000000775b00000,0x0000000775b00000,0x0000000776a00000)
 ParOldGen       total 107008K, used 11534K [0x00000006c5c00000, 0x00000006cc480000, 0x000000076c980000)
  object space 107008K, 10% used [0x00000006c5c00000,0x00000006c6743870,0x00000006cc480000)
 Metaspace       used 32994K, capacity 33388K, committed 33536K, reserved 1079296K
  class space    used 4186K, capacity 4294K, committed 4352K, reserved 1048576K
}
Event: 5.219 GC heap before
{Heap before GC invocations=8 (full 1):
 PSYoungGen      total 163840K, used 135331K [0x000000076c980000, 0x0000000779a00000, 0x00000007c0000000)
  eden space 148992K, 83% used [0x000000076c980000,0x000000077435c6c0,0x0000000775b00000)
  from space 14848K, 71% used [0x0000000776a00000,0x000000077744c710,0x0000000777880000)
  to   space 15360K, 0% used [0x0000000775b00000,0x0000000775b00000,0x0000000776a00000)
 ParOldGen       total 107008K, used 11534K [0x00000006c5c00000, 0x00000006cc480000, 0x000000076c980000)
  object space 107008K, 10% used [0x00000006c5c00000,0x00000006c6743870,0x00000006cc480000)
 Metaspace       used 34923K, capacity 35268K, committed 35496K, reserved 1081344K
  class space    used 4436K, capacity 4554K, committed 4608K, reserved 1048576K
Event: 5.230 GC heap after
Heap after GC invocations=8 (full 1):
 PSYoungGen      total 164352K, used 12723K [0x000000076c980000, 0x000000077c480000, 0x00000007c0000000)
  eden space 148992K, 0% used [0x000000076c980000,0x000000076c980000,0x0000000775b00000)
  from space 15360K, 82% used [0x0000000775b00000,0x000000077676cd00,0x0000000776a00000)
  to   space 16384K, 0% used [0x000000077b480000,0x000000077b480000,0x000000077c480000)
 ParOldGen       total 107008K, used 11542K [0x00000006c5c00000, 0x00000006cc480000, 0x000000076c980000)
  object space 107008K, 10% used [0x00000006c5c00000,0x00000006c6745870,0x00000006cc480000)
 Metaspace       used 34923K, capacity 35268K, committed 35496K, reserved 1081344K
  class space    used 4436K, capacity 4554K, committed 4608K, reserved 1048576K
}
Event: 5.230 GC heap before
{Heap before GC invocations=9 (full 2):
 PSYoungGen      total 164352K, used 12723K [0x000000076c980000, 0x000000077c480000, 0x00000007c0000000)
  eden space 148992K, 0% used [0x000000076c980000,0x000000076c980000,0x0000000775b00000)
  from space 15360K, 82% used [0x0000000775b00000,0x000000077676cd00,0x0000000776a00000)
  to   space 16384K, 0% used [0x000000077b480000,0x000000077b480000,0x000000077c480000)
 ParOldGen       total 107008K, used 11542K [0x00000006c5c00000, 0x00000006cc480000, 0x000000076c980000)
  object space 107008K, 10% used [0x00000006c5c00000,0x00000006c6745870,0x00000006cc480000)
 Metaspace       used 34923K, capacity 35268K, committed 35496K, reserved 1081344K
  class space    used 4436K, capacity 4554K, committed 4608K, reserved 1048576K
Event: 5.310 GC heap after
Heap after GC invocations=9 (full 2):
 PSYoungGen      total 164352K, used 0K [0x000000076c980000, 0x000000077c480000, 0x00000007c0000000)
  eden space 148992K, 0% used [0x000000076c980000,0x000000076c980000,0x0000000775b00000)
  from space 15360K, 0% used [0x0000000775b00000,0x0000000775b00000,0x0000000776a00000)
  to   space 16384K, 0% used [0x000000077b480000,0x000000077b480000,0x000000077c480000)
 ParOldGen       total 173056K, used 21653K [0x00000006c5c00000, 0x00000006d0500000, 0x000000076c980000)
  object space 173056K, 12% used [0x00000006c5c00000,0x00000006c7125770,0x00000006d0500000)
 Metaspace       used 34923K, capacity 35268K, committed 35496K, reserved 1081344K
  class space    used 4436K, capacity 4554K, committed 4608K, reserved 1048576K
}
Event: 6.186 GC heap before
{Heap before GC invocations=10 (full 2):
 PSYoungGen      total 164352K, used 148992K [0x000000076c980000, 0x000000077c480000, 0x00000007c0000000)
  eden space 148992K, 100% used [0x000000076c980000,0x0000000775b00000,0x0000000775b00000)
  from space 15360K, 0% used [0x0000000775b00000,0x0000000775b00000,0x0000000776a00000)
  to   space 16384K, 0% used [0x000000077b480000,0x000000077b480000,0x000000077c480000)
 ParOldGen       total 173056K, used 21653K [0x00000006c5c00000, 0x00000006d0500000, 0x000000076c980000)
  object space 173056K, 12% used [0x00000006c5c00000,0x00000006c7125770,0x00000006d0500000)
 Metaspace       used 36401K, capacity 36770K, committed 37032K, reserved 1081344K
  class space    used 4641K, capacity 4751K, committed 4864K, reserved 1048576K
Event: 6.192 GC heap after
Heap after GC invocations=10 (full 2):
 PSYoungGen      total 209920K, used 5789K [0x000000076c980000, 0x000000077ba80000, 0x00000007c0000000)
  eden space 203776K, 0% used [0x000000076c980000,0x000000076c980000,0x0000000779080000)
  from space 6144K, 94% used [0x000000077b480000,0x000000077ba276d8,0x000000077ba80000)
  to   space 16384K, 0% used [0x0000000779a80000,0x0000000779a80000,0x000000077aa80000)
 ParOldGen       total 173056K, used 21661K [0x00000006c5c00000, 0x00000006d0500000, 0x000000076c980000)
  object space 173056K, 12% used [0x00000006c5c00000,0x00000006c7127770,0x00000006d0500000)
 Metaspace       used 36401K, capacity 36770K, committed 37032K, reserved 1081344K
  class space    used 4641K, capacity 4751K, committed 4864K, reserved 1048576K
}

